[2026-03-24 09:40:01] === Health Check Start ===
[2026-03-24 09:40:01] === Health Check Start ===
[2026-03-24 09:40:01] [OK] Disk: 1%
[2026-03-24 09:40:01] [OK] Disk: 1%
[2026-03-24 09:40:01] [OK] Memory: 8%
[2026-03-24 09:40:01] [OK] Memory: 8%
[2026-03-24 09:40:02] [FAIL] Service ssh: NOT RUNNING
[2026-03-24 09:40:02] [FAIL] Service ssh: NOT RUNNING
[2026-03-24 09:40:02] [OK] Service cron: running
[2026-03-24 09:40:02] [OK] Service cron: running
[2026-03-24 09:40:02] === Health Check Done ===
[2026-03-24 09:40:02] === Health Check Done ===
[2026-03-24 09:45:04] === Health Check Start ===
[2026-03-24 09:45:04] === Health Check Start ===
[2026-03-24 09:45:04] [OK] Disk: 1%
[2026-03-24 09:45:04] [OK] Disk: 1%
[2026-03-24 09:45:04] [OK] Memory: 9%
[2026-03-24 09:45:04] [OK] Memory: 9%
[2026-03-24 09:45:04] [FAIL] Service ssh: NOT RUNNING
[2026-03-24 09:45:04] [FAIL] Service ssh: NOT RUNNING
[2026-03-24 09:45:04] [OK] Service cron: running
[2026-03-24 09:45:04] [OK] Service cron: running
[2026-03-24 09:45:04] === Health Check Done ===
[2026-03-24 09:45:04] === Health Check Done ===
[2026-03-24 09:50:04] === Health Check Start ===
[2026-03-24 09:50:04] === Health Check Start ===
[2026-03-24 09:50:04] [OK] Disk: 1%
[2026-03-24 09:50:04] [OK] Disk: 1%
[2026-03-24 09:50:04] [OK] Memory: 9%
[2026-03-24 09:50:04] [OK] Memory: 9%
[2026-03-24 09:50:04] [FAIL] Service ssh: NOT RUNNING
[2026-03-24 09:50:04] [FAIL] Service ssh: NOT RUNNING
[2026-03-24 09:50:04] [OK] Service cron: running
[2026-03-24 09:50:04] [OK] Service cron: running
[2026-03-24 09:50:04] === Health Check Done ===
[2026-03-24 09:50:04] === Health Check Done ===
[2026-03-24 09:55:07] === Health Check Start ===
[2026-03-24 09:55:07] === Health Check Start ===
[2026-03-24 09:55:07] [OK] Disk: 1%
[2026-03-24 09:55:07] [OK] Disk: 1%
[2026-03-24 09:55:07] [OK] Memory: 9%
[2026-03-24 09:55:07] [OK] Memory: 9%
[2026-03-24 09:55:07] [FAIL] Service ssh: NOT RUNNING
[2026-03-24 09:55:07] [FAIL] Service ssh: NOT RUNNING
[2026-03-24 09:55:07] [OK] Service cron: running
[2026-03-24 09:55:07] [OK] Service cron: running
[2026-03-24 09:55:07] === Health Check Done ===
[2026-03-24 09:55:07] === Health Check Done ===
[2026-03-24 10:00:07] === Health Check Start ===
[2026-03-24 10:00:07] === Health Check Start ===
[2026-03-24 10:00:07] [OK] Disk: 1%
[2026-03-24 10:00:07] [OK] Disk: 1%
[2026-03-24 10:00:07] [OK] Memory: 9%
[2026-03-24 10:00:07] [OK] Memory: 9%
[2026-03-24 10:00:07] [FAIL] Service ssh: NOT RUNNING
[2026-03-24 10:00:07] [FAIL] Service ssh: NOT RUNNING
[2026-03-24 10:00:07] [OK] Service cron: running
[2026-03-24 10:00:07] [OK] Service cron: running
[2026-03-24 10:00:07] === Health Check Done ===
[2026-03-24 10:00:07] === Health Check Done ===
[2026-03-24 17:35:06] === Health Check Start ===
[2026-03-24 17:35:06] === Health Check Start ===
[2026-03-24 17:35:06] [OK] Disk: 1%
[2026-03-24 17:35:06] [OK] Disk: 1%
[2026-03-24 17:35:06] [OK] Memory: 8%
[2026-03-24 17:35:06] [OK] Memory: 8%
[2026-03-24 17:35:06] [FAIL] Service ssh: NOT RUNNING
[2026-03-24 17:35:06] [FAIL] Service ssh: NOT RUNNING
[2026-03-24 17:35:06] [OK] Service cron: running
[2026-03-24 17:35:06] [OK] Service cron: running
[2026-03-24 17:35:06] === Health Check Done ===
[2026-03-24 17:35:06] === Health Check Done ===
