[2026-03-22 06:50:01] === Health Check Start ===
[2026-03-22 06:50:01] === Health Check Start ===
[2026-03-22 06:50:01] [OK] Disk: 1%
[2026-03-22 06:50:01] [OK] Disk: 1%
[2026-03-22 06:50:01] [OK] Memory: 8%
[2026-03-22 06:50:01] [OK] Memory: 8%
[2026-03-22 06:50:01] [FAIL] Service ssh: NOT RUNNING
[2026-03-22 06:50:01] [FAIL] Service ssh: NOT RUNNING
[2026-03-22 06:50:01] [OK] Service cron: running
[2026-03-22 06:50:01] [OK] Service cron: running
[2026-03-22 06:50:01] === Health Check Done ===
[2026-03-22 06:50:01] === Health Check Done ===
[2026-03-22 06:55:07] === Health Check Start ===
[2026-03-22 06:55:07] === Health Check Start ===
[2026-03-22 06:55:07] [OK] Disk: 1%
[2026-03-22 06:55:07] [OK] Disk: 1%
[2026-03-22 06:55:07] [OK] Memory: 8%
[2026-03-22 06:55:07] [OK] Memory: 8%
[2026-03-22 06:55:07] [FAIL] Service ssh: NOT RUNNING
[2026-03-22 06:55:07] [FAIL] Service ssh: NOT RUNNING
[2026-03-22 06:55:07] [OK] Service cron: running
[2026-03-22 06:55:07] [OK] Service cron: running
[2026-03-22 06:55:07] === Health Check Done ===
[2026-03-22 06:55:07] === Health Check Done ===
[2026-03-22 07:00:04] === Health Check Start ===
[2026-03-22 07:00:04] === Health Check Start ===
[2026-03-22 07:00:04] [OK] Disk: 1%
[2026-03-22 07:00:04] [OK] Disk: 1%
[2026-03-22 07:00:04] [OK] Memory: 9%
[2026-03-22 07:00:04] [OK] Memory: 9%
[2026-03-22 07:00:04] [FAIL] Service ssh: NOT RUNNING
[2026-03-22 07:00:04] [FAIL] Service ssh: NOT RUNNING
[2026-03-22 07:00:04] [OK] Service cron: running
[2026-03-22 07:00:04] [OK] Service cron: running
[2026-03-22 07:00:04] === Health Check Done ===
[2026-03-22 07:00:04] === Health Check Done ===
[2026-03-22 07:05:07] === Health Check Start ===
[2026-03-22 07:05:07] === Health Check Start ===
[2026-03-22 07:05:07] [OK] Disk: 1%
[2026-03-22 07:05:07] [OK] Disk: 1%
[2026-03-22 07:05:07] [OK] Memory: 9%
[2026-03-22 07:05:07] [OK] Memory: 9%
[2026-03-22 07:05:07] [FAIL] Service ssh: NOT RUNNING
[2026-03-22 07:05:07] [FAIL] Service ssh: NOT RUNNING
[2026-03-22 07:05:07] [OK] Service cron: running
[2026-03-22 07:05:07] [OK] Service cron: running
[2026-03-22 07:05:07] === Health Check Done ===
[2026-03-22 07:05:07] === Health Check Done ===
[2026-03-22 07:10:03] === Health Check Start ===
[2026-03-22 07:10:03] === Health Check Start ===
[2026-03-22 07:10:03] [OK] Disk: 1%
[2026-03-22 07:10:03] [OK] Disk: 1%
[2026-03-22 07:10:03] [OK] Memory: 9%
[2026-03-22 07:10:03] [OK] Memory: 9%
[2026-03-22 07:10:04] [FAIL] Service ssh: NOT RUNNING
[2026-03-22 07:10:04] [FAIL] Service ssh: NOT RUNNING
[2026-03-22 07:10:04] [OK] Service cron: running
[2026-03-22 07:10:04] === Health Check Done ===
[2026-03-22 07:10:04] [OK] Service cron: running
[2026-03-22 07:10:04] === Health Check Done ===
[2026-03-22 07:15:07] === Health Check Start ===
[2026-03-22 07:15:07] === Health Check Start ===
[2026-03-22 07:15:07] [OK] Disk: 1%
[2026-03-22 07:15:07] [OK] Disk: 1%
[2026-03-22 07:15:07] [OK] Memory: 9%
[2026-03-22 07:15:07] [OK] Memory: 9%
[2026-03-22 07:15:07] [FAIL] Service ssh: NOT RUNNING
[2026-03-22 07:15:07] [FAIL] Service ssh: NOT RUNNING
[2026-03-22 07:15:07] [OK] Service cron: running
[2026-03-22 07:15:07] [OK] Service cron: running
[2026-03-22 07:15:07] === Health Check Done ===
[2026-03-22 07:15:07] === Health Check Done ===
[2026-03-22 18:55:01] === Health Check Start ===
[2026-03-22 18:55:01] === Health Check Start ===
[2026-03-22 18:55:01] [OK] Disk: 1%
[2026-03-22 18:55:01] [OK] Disk: 1%
[2026-03-22 18:55:01] [OK] Memory: 8%
[2026-03-22 18:55:01] [OK] Memory: 8%
[2026-03-22 18:55:01] [FAIL] Service ssh: NOT RUNNING
[2026-03-22 18:55:01] [FAIL] Service ssh: NOT RUNNING
[2026-03-22 18:55:01] [OK] Service cron: running
[2026-03-22 18:55:01] [OK] Service cron: running
[2026-03-22 18:55:01] === Health Check Done ===
[2026-03-22 18:55:01] === Health Check Done ===
[2026-03-22 19:00:04] === Health Check Start ===
[2026-03-22 19:00:04] === Health Check Start ===
[2026-03-22 19:00:04] [OK] Disk: 1%
[2026-03-22 19:00:04] [OK] Disk: 1%
[2026-03-22 19:00:04] [OK] Memory: 9%
[2026-03-22 19:00:04] [OK] Memory: 9%
[2026-03-22 19:00:04] [OK] Service ssh: running
[2026-03-22 19:00:04] [OK] Service ssh: running
[2026-03-22 19:00:04] [OK] Service cron: running
[2026-03-22 19:00:04] [OK] Service cron: running
[2026-03-22 19:00:04] === Health Check Done ===
[2026-03-22 19:00:04] === Health Check Done ===
[2026-03-22 19:05:07] === Health Check Start ===
[2026-03-22 19:05:07] === Health Check Start ===
[2026-03-22 19:05:07] [OK] Disk: 1%
[2026-03-22 19:05:07] [OK] Disk: 1%
[2026-03-22 19:05:07] [OK] Memory: 9%
[2026-03-22 19:05:07] [OK] Memory: 9%
[2026-03-22 19:05:07] [OK] Service ssh: running
[2026-03-22 19:05:07] [OK] Service ssh: running
[2026-03-22 19:05:07] [OK] Service cron: running
[2026-03-22 19:05:07] [OK] Service cron: running
[2026-03-22 19:05:07] === Health Check Done ===
[2026-03-22 19:05:07] === Health Check Done ===
[2026-03-22 19:10:04] === Health Check Start ===
[2026-03-22 19:10:04] === Health Check Start ===
[2026-03-22 19:10:04] [OK] Disk: 1%
[2026-03-22 19:10:04] [OK] Disk: 1%
[2026-03-22 19:10:04] [OK] Memory: 9%
[2026-03-22 19:10:04] [OK] Memory: 9%
[2026-03-22 19:10:04] [OK] Service ssh: running
[2026-03-22 19:10:04] [OK] Service ssh: running
[2026-03-22 19:10:04] [OK] Service cron: running
[2026-03-22 19:10:04] [OK] Service cron: running
[2026-03-22 19:10:04] === Health Check Done ===
[2026-03-22 19:10:04] === Health Check Done ===
[2026-03-22 19:15:07] === Health Check Start ===
[2026-03-22 19:15:07] === Health Check Start ===
[2026-03-22 19:15:07] [OK] Disk: 1%
[2026-03-22 19:15:07] [OK] Disk: 1%
[2026-03-22 19:15:07] [OK] Memory: 9%
[2026-03-22 19:15:07] [OK] Memory: 9%
[2026-03-22 19:15:07] [OK] Service ssh: running
[2026-03-22 19:15:07] [OK] Service ssh: running
[2026-03-22 19:15:07] [OK] Service cron: running
[2026-03-22 19:15:07] [OK] Service cron: running
[2026-03-22 19:15:07] === Health Check Done ===
[2026-03-22 19:15:07] === Health Check Done ===
[2026-03-22 19:20:04] === Health Check Start ===
[2026-03-22 19:20:04] === Health Check Start ===
[2026-03-22 19:20:04] [OK] Disk: 1%
[2026-03-22 19:20:04] [OK] Disk: 1%
[2026-03-22 19:20:04] [OK] Memory: 9%
[2026-03-22 19:20:04] [OK] Memory: 9%
[2026-03-22 19:20:04] [OK] Service ssh: running
[2026-03-22 19:20:04] [OK] Service ssh: running
[2026-03-22 19:20:04] [OK] Service cron: running
[2026-03-22 19:20:04] [OK] Service cron: running
[2026-03-22 19:20:04] === Health Check Done ===
[2026-03-22 19:20:04] === Health Check Done ===
[2026-03-22 19:25:06] === Health Check Start ===
[2026-03-22 19:25:06] === Health Check Start ===
[2026-03-22 19:25:06] [OK] Disk: 1%
[2026-03-22 19:25:06] [OK] Disk: 1%
[2026-03-22 19:25:06] [OK] Memory: 9%
[2026-03-22 19:25:06] [OK] Memory: 9%
[2026-03-22 19:25:06] [OK] Service ssh: running
[2026-03-22 19:25:06] [OK] Service ssh: running
[2026-03-22 19:25:06] [OK] Service cron: running
[2026-03-22 19:25:06] [OK] Service cron: running
[2026-03-22 19:25:06] === Health Check Done ===
[2026-03-22 19:25:06] === Health Check Done ===
[2026-03-22 19:30:04] === Health Check Start ===
[2026-03-22 19:30:04] === Health Check Start ===
[2026-03-22 19:30:04] [OK] Disk: 1%
[2026-03-22 19:30:04] [OK] Disk: 1%
[2026-03-22 19:30:04] [OK] Memory: 9%
[2026-03-22 19:30:04] [OK] Memory: 9%
[2026-03-22 19:30:04] [OK] Service ssh: running
[2026-03-22 19:30:04] [OK] Service ssh: running
[2026-03-22 19:30:04] [OK] Service cron: running
[2026-03-22 19:30:04] [OK] Service cron: running
[2026-03-22 19:30:04] === Health Check Done ===
[2026-03-22 19:30:04] === Health Check Done ===
[2026-03-22 19:35:07] === Health Check Start ===
[2026-03-22 19:35:07] === Health Check Start ===
[2026-03-22 19:35:07] [OK] Disk: 1%
[2026-03-22 19:35:07] [OK] Disk: 1%
[2026-03-22 19:35:07] [OK] Memory: 9%
[2026-03-22 19:35:07] [OK] Memory: 9%
[2026-03-22 19:35:07] [OK] Service ssh: running
[2026-03-22 19:35:07] [OK] Service ssh: running
[2026-03-22 19:35:07] [OK] Service cron: running
[2026-03-22 19:35:07] [OK] Service cron: running
[2026-03-22 19:35:07] === Health Check Done ===
[2026-03-22 19:35:07] === Health Check Done ===
[2026-03-22 19:40:04] === Health Check Start ===
[2026-03-22 19:40:04] === Health Check Start ===
[2026-03-22 19:40:04] [OK] Disk: 1%
[2026-03-22 19:40:04] [OK] Disk: 1%
[2026-03-22 19:40:04] [OK] Memory: 9%
[2026-03-22 19:40:04] [OK] Memory: 9%
[2026-03-22 19:40:04] [OK] Service ssh: running
[2026-03-22 19:40:04] [OK] Service ssh: running
[2026-03-22 19:40:04] [OK] Service cron: running
[2026-03-22 19:40:04] [OK] Service cron: running
[2026-03-22 19:40:04] === Health Check Done ===
[2026-03-22 19:40:04] === Health Check Done ===
[2026-03-22 19:45:07] === Health Check Start ===
[2026-03-22 19:45:07] === Health Check Start ===
[2026-03-22 19:45:07] [OK] Disk: 1%
[2026-03-22 19:45:07] [OK] Disk: 1%
[2026-03-22 19:45:07] [OK] Memory: 9%
[2026-03-22 19:45:07] [OK] Memory: 9%
[2026-03-22 19:45:07] [OK] Service ssh: running
[2026-03-22 19:45:07] [OK] Service ssh: running
[2026-03-22 19:45:07] [OK] Service cron: running
[2026-03-22 19:45:07] [OK] Service cron: running
[2026-03-22 19:45:07] === Health Check Done ===
[2026-03-22 19:45:07] === Health Check Done ===
[2026-03-22 19:50:04] === Health Check Start ===
[2026-03-22 19:50:04] === Health Check Start ===
[2026-03-22 19:50:04] [OK] Disk: 1%
[2026-03-22 19:50:04] [OK] Disk: 1%
[2026-03-22 19:50:04] [OK] Memory: 9%
[2026-03-22 19:50:04] [OK] Memory: 9%
[2026-03-22 19:50:04] [OK] Service ssh: running
[2026-03-22 19:50:04] [OK] Service ssh: running
[2026-03-22 19:50:04] [OK] Service cron: running
[2026-03-22 19:50:04] [OK] Service cron: running
[2026-03-22 19:50:04] === Health Check Done ===
[2026-03-22 19:50:04] === Health Check Done ===
[2026-03-22 19:55:07] === Health Check Start ===
[2026-03-22 19:55:07] === Health Check Start ===
[2026-03-22 19:55:07] [OK] Disk: 1%
[2026-03-22 19:55:07] [OK] Disk: 1%
[2026-03-22 19:55:07] [OK] Memory: 9%
[2026-03-22 19:55:07] [OK] Memory: 9%
[2026-03-22 19:55:07] [OK] Service ssh: running
[2026-03-22 19:55:07] [OK] Service ssh: running
[2026-03-22 19:55:07] [OK] Service cron: running
[2026-03-22 19:55:07] [OK] Service cron: running
[2026-03-22 19:55:07] === Health Check Done ===
[2026-03-22 19:55:07] === Health Check Done ===
[2026-03-22 20:00:04] === Health Check Start ===
[2026-03-22 20:00:04] === Health Check Start ===
[2026-03-22 20:00:04] [OK] Disk: 1%
[2026-03-22 20:00:04] [OK] Disk: 1%
[2026-03-22 20:00:04] [OK] Memory: 9%
[2026-03-22 20:00:04] [OK] Memory: 9%
[2026-03-22 20:00:04] [OK] Service ssh: running
[2026-03-22 20:00:04] [OK] Service ssh: running
[2026-03-22 20:00:04] [OK] Service cron: running
[2026-03-22 20:00:04] [OK] Service cron: running
[2026-03-22 20:00:04] === Health Check Done ===
[2026-03-22 20:00:04] === Health Check Done ===
[2026-03-22 20:05:07] === Health Check Start ===
[2026-03-22 20:05:07] === Health Check Start ===
[2026-03-22 20:05:07] [OK] Disk: 1%
[2026-03-22 20:05:07] [OK] Disk: 1%
[2026-03-22 20:05:07] [OK] Memory: 9%
[2026-03-22 20:05:07] [OK] Memory: 9%
[2026-03-22 20:05:07] [OK] Service ssh: running
[2026-03-22 20:05:07] [OK] Service ssh: running
[2026-03-22 20:05:07] [OK] Service cron: running
[2026-03-22 20:05:07] [OK] Service cron: running
[2026-03-22 20:05:07] === Health Check Done ===
[2026-03-22 20:05:07] === Health Check Done ===
